0 info it worked if it ends with ok
1 verbose cli [ 'node', '/usr/local/bin/npm', 'run', 'build' ]
2 info using npm@3.5.3
3 info using node@v0.10.25
4 verbose node symlink /usr/bin/node
5 verbose run-script [ 'prebuild', 'build', 'postbuild' ]
6 info lifecycle xmlfrontend@1.0.0~prebuild: xmlfrontend@1.0.0
7 silly lifecycle xmlfrontend@1.0.0~prebuild: no script for prebuild, continuing
8 info lifecycle xmlfrontend@1.0.0~build: xmlfrontend@1.0.0
9 verbose lifecycle xmlfrontend@1.0.0~build: unsafe-perm in lifecycle true
10 verbose lifecycle xmlfrontend@1.0.0~build: PATH: /usr/local/lib/node_modules/npm/bin/node-gyp-bin:/home/kristina/Desktop/XMLProj/XML-project/XMLFrontend/node_modules/.bin:/usr/local/heroku/bin:/home/kristina/.rvm/gems/ruby-1.9.3-p547/bin:/home/kristina/.rvm/gems/ruby-1.9.3-p547@global/bin:/home/kristina/.rvm/rubies/ruby-1.9.3-p547/bin:/home/kristina/bin:/usr/local/sbin:/usr/local/bin:/usr/sbin:/usr/bin:/sbin:/bin:/usr/games:/usr/local/games:/usr/lib/jvm/java-8-oracle/bin:/usr/lib/jvm/java-8-oracle/db/bin:/usr/lib/jvm/java-8-oracle/jre/bin:/home/kristina/.rvm/bin:/opt/google_appengine/:/home/kristina/.rvm/bin
11 verbose lifecycle xmlfrontend@1.0.0~build: CWD: /home/kristina/Desktop/XMLProj/XML-project/XMLFrontend
12 silly lifecycle xmlfrontend@1.0.0~build: Args: [ '-c',
12 silly lifecycle   'npm run browserify_1 && npm run browserify_2 && npm run copy_dist && echo \'Done\'' ]
13 silly lifecycle xmlfrontend@1.0.0~build: Returned: code: 1  signal: null
14 info lifecycle xmlfrontend@1.0.0~build: Failed to exec build script
15 verbose stack Error: xmlfrontend@1.0.0 build: `npm run browserify_1 && npm run browserify_2 && npm run copy_dist && echo 'Done'`
15 verbose stack Exit status 1
15 verbose stack     at EventEmitter.<anonymous> (/usr/local/lib/node_modules/npm/lib/utils/lifecycle.js:232:16)
15 verbose stack     at EventEmitter.emit (events.js:98:17)
15 verbose stack     at ChildProcess.<anonymous> (/usr/local/lib/node_modules/npm/lib/utils/spawn.js:24:14)
15 verbose stack     at ChildProcess.EventEmitter.emit (events.js:98:17)
15 verbose stack     at maybeClose (child_process.js:743:16)
15 verbose stack     at Process.ChildProcess._handle.onexit (child_process.js:810:5)
16 verbose pkgid xmlfrontend@1.0.0
17 verbose cwd /home/kristina/Desktop/XMLProj/XML-project/XMLFrontend/dist
18 error Linux 3.13.0-87-generic
19 error argv "node" "/usr/local/bin/npm" "run" "build"
20 error node v0.10.25
21 error npm  v3.5.3
22 error code ELIFECYCLE
23 error xmlfrontend@1.0.0 build: `npm run browserify_1 && npm run browserify_2 && npm run copy_dist && echo 'Done'`
23 error Exit status 1
24 error Failed at the xmlfrontend@1.0.0 build script 'npm run browserify_1 && npm run browserify_2 && npm run copy_dist && echo 'Done''.
24 error Make sure you have the latest version of node.js and npm installed.
24 error If you do, this is most likely a problem with the xmlfrontend package,
24 error not with npm itself.
24 error Tell the author that this fails on your system:
24 error     npm run browserify_1 && npm run browserify_2 && npm run copy_dist && echo 'Done'
24 error You can get information on how to open an issue for this project with:
24 error     npm bugs xmlfrontend
24 error Or if that isn't available, you can get their info via:
24 error     npm owner ls xmlfrontend
24 error There is likely additional logging output above.
25 verbose exit [ 1, true ]
